[0815/111347.463:INFO:CONSOLE(0)] "Error with Permissions-Policy header: Feature xr-spatial-tracking's parameters are ignored.", source:  (0)
[0815/111347.463:INFO:CONSOLE(0)] "Error with Permissions-Policy header: Origin trial controlled feature not enabled: 'attribution-reporting'.", source:  (0)
[0815/111347.463:INFO:CONSOLE(0)] "Error with Permissions-Policy header: Unrecognized feature: 'battery'.", source:  (0)
[0815/111347.463:INFO:CONSOLE(0)] "Error with Permissions-Policy header: Unrecognized feature: 'compute-pressure'.", source:  (0)
[0815/111347.463:INFO:CONSOLE(0)] "Error with Permissions-Policy header: Origin trial controlled feature not enabled: 'interest-cohort'.", source:  (0)
[0815/111347.463:INFO:CONSOLE(0)] "Error with Permissions-Policy header: Unrecognized feature: 'private-state-token-issuance'.", source:  (0)
[0815/111347.463:INFO:CONSOLE(0)] "Error with Permissions-Policy header: Origin trial controlled feature not enabled: 'shared-storage'.", source:  (0)
[0815/111347.463:INFO:CONSOLE(0)] "Error with Permissions-Policy header: Unrecognized feature: 'shared-storage-select-url'.", source:  (0)
[0815/111347.463:INFO:CONSOLE(0)] "Error with Permissions-Policy header: Unrecognized feature: 'private-state-token-redemption'.", source:  (0)
[0815/111347.463:INFO:CONSOLE(0)] "Error with Permissions-Policy header: Unrecognized feature: 'usb-unrestricted'.", source:  (0)
[0815/111347.463:INFO:CONSOLE(0)] "Error with Permissions-Policy header: Unrecognized feature: 'unload'.", source:  (0)
[0815/111347.463:INFO:CONSOLE(0)] "Error with Permissions-Policy header: Unrecognized feature: 'window-management'.", source:  (0)
[0815/111357.420:INFO:CONSOLE(150)] "Event handler of 'x-storagemutated-1' event must be added on the initial evaluation of worker script.", source: https://static.whatsapp.net/rsrc.php/v3/yw/r/zk2zUKpjzBl.js?_nc_x=Ij3Wp8lg5Kz (150)
[0815/111533.954:INFO:CONSOLE(150)] "Event handler of 'x-storagemutated-1' event must be added on the initial evaluation of worker script.", source: https://static.whatsapp.net/rsrc.php/v3/yw/r/zk2zUKpjzBl.js?_nc_x=Ij3Wp8lg5Kz (150)
[0815/111755.727:INFO:CONSOLE(150)] "Event handler of 'x-storagemutated-1' event must be added on the initial evaluation of worker script.", source: https://static.whatsapp.net/rsrc.php/v3/yw/r/zk2zUKpjzBl.js?_nc_x=Ij3Wp8lg5Kz (150)
[0815/111920.404:INFO:CONSOLE(150)] "Event handler of 'x-storagemutated-1' event must be added on the initial evaluation of worker script.", source: https://static.whatsapp.net/rsrc.php/v3/yw/r/zk2zUKpjzBl.js?_nc_x=Ij3Wp8lg5Kz (150)
[0815/112007.846:INFO:CONSOLE(150)] "Event handler of 'x-storagemutated-1' event must be added on the initial evaluation of worker script.", source: https://static.whatsapp.net/rsrc.php/v3/yw/r/zk2zUKpjzBl.js?_nc_x=Ij3Wp8lg5Kz (150)
[0815/112149.409:INFO:CONSOLE(339)] "Failed to parse video contentType: video/mp4; codecs=avc1.42000a", source: https://static.whatsapp.net/rsrc.php/v3iHCc4/y1/l/rt/3mGC4I_V723.js?_nc_x=Ij3Wp8lg5Kz (339)
[0815/112149.440:INFO:CONSOLE(339)] "Failed to parse video contentType: video/mp4; codecs=hev1.1.6.L93.B0", source: https://static.whatsapp.net/rsrc.php/v3iHCc4/y1/l/rt/3mGC4I_V723.js?_nc_x=Ij3Wp8lg5Kz (339)
[0815/112255.406:INFO:CONSOLE(150)] "Event handler of 'x-storagemutated-1' event must be added on the initial evaluation of worker script.", source: https://static.whatsapp.net/rsrc.php/v3/yw/r/zk2zUKpjzBl.js?_nc_x=Ij3Wp8lg5Kz (150)
[0815/112613.034:INFO:CONSOLE(150)] "Event handler of 'x-storagemutated-1' event must be added on the initial evaluation of worker script.", source: https://static.whatsapp.net/rsrc.php/v3/yw/r/zk2zUKpjzBl.js?_nc_x=Ij3Wp8lg5Kz (150)
[0815/112807.113:INFO:CONSOLE(150)] "Event handler of 'x-storagemutated-1' event must be added on the initial evaluation of worker script.", source: https://static.whatsapp.net/rsrc.php/v3/yw/r/zk2zUKpjzBl.js?_nc_x=Ij3Wp8lg5Kz (150)
[0815/120435.515:INFO:CONSOLE(150)] "Event handler of 'x-storagemutated-1' event must be added on the initial evaluation of worker script.", source: https://static.whatsapp.net/rsrc.php/v3/yw/r/zk2zUKpjzBl.js?_nc_x=Ij3Wp8lg5Kz (150)
[0815/120517.646:INFO:CONSOLE(150)] "Event handler of 'x-storagemutated-1' event must be added on the initial evaluation of worker script.", source: https://static.whatsapp.net/rsrc.php/v3/yw/r/zk2zUKpjzBl.js?_nc_x=Ij3Wp8lg5Kz (150)
[0815/120709.645:INFO:CONSOLE(150)] "Event handler of 'x-storagemutated-1' event must be added on the initial evaluation of worker script.", source: https://static.whatsapp.net/rsrc.php/v3/yw/r/zk2zUKpjzBl.js?_nc_x=Ij3Wp8lg5Kz (150)
[0815/121941.648:INFO:CONSOLE(150)] "Event handler of 'x-storagemutated-1' event must be added on the initial evaluation of worker script.", source: https://static.whatsapp.net/rsrc.php/v3/yw/r/zk2zUKpjzBl.js?_nc_x=Ij3Wp8lg5Kz (150)
[0815/122458.047:INFO:CONSOLE(150)] "Event handler of 'x-storagemutated-1' event must be added on the initial evaluation of worker script.", source: https://static.whatsapp.net/rsrc.php/v3/yw/r/zk2zUKpjzBl.js?_nc_x=Ij3Wp8lg5Kz (150)
[0815/122618.196:INFO:CONSOLE(150)] "Event handler of 'x-storagemutated-1' event must be added on the initial evaluation of worker script.", source: https://static.whatsapp.net/rsrc.php/v3/yw/r/zk2zUKpjzBl.js?_nc_x=Ij3Wp8lg5Kz (150)
[0815/123052.599:INFO:CONSOLE(150)] "Event handler of 'x-storagemutated-1' event must be added on the initial evaluation of worker script.", source: https://static.whatsapp.net/rsrc.php/v3/yw/r/zk2zUKpjzBl.js?_nc_x=Ij3Wp8lg5Kz (150)
[0815/123343.411:INFO:CONSOLE(150)] "Event handler of 'x-storagemutated-1' event must be added on the initial evaluation of worker script.", source: https://static.whatsapp.net/rsrc.php/v3/yw/r/zk2zUKpjzBl.js?_nc_x=Ij3Wp8lg5Kz (150)
[0815/125200.336:INFO:CONSOLE(150)] "Event handler of 'x-storagemutated-1' event must be added on the initial evaluation of worker script.", source: https://static.whatsapp.net/rsrc.php/v3/yw/r/zk2zUKpjzBl.js?_nc_x=Ij3Wp8lg5Kz (150)
[0815/125340.877:INFO:CONSOLE(150)] "Event handler of 'x-storagemutated-1' event must be added on the initial evaluation of worker script.", source: https://static.whatsapp.net/rsrc.php/v3/yw/r/zk2zUKpjzBl.js?_nc_x=Ij3Wp8lg5Kz (150)
[0815/131908.314:INFO:CONSOLE(150)] "Event handler of 'x-storagemutated-1' event must be added on the initial evaluation of worker script.", source: https://static.whatsapp.net/rsrc.php/v3/yw/r/zk2zUKpjzBl.js?_nc_x=Ij3Wp8lg5Kz (150)
[0815/133444.271:INFO:CONSOLE(150)] "Event handler of 'x-storagemutated-1' event must be added on the initial evaluation of worker script.", source: https://static.whatsapp.net/rsrc.php/v3/yw/r/zk2zUKpjzBl.js?_nc_x=Ij3Wp8lg5Kz (150)
[0815/133525.938:INFO:CONSOLE(150)] "Event handler of 'x-storagemutated-1' event must be added on the initial evaluation of worker script.", source: https://static.whatsapp.net/rsrc.php/v3/yw/r/zk2zUKpjzBl.js?_nc_x=Ij3Wp8lg5Kz (150)
[0815/133627.975:INFO:CONSOLE(150)] "Event handler of 'x-storagemutated-1' event must be added on the initial evaluation of worker script.", source: https://static.whatsapp.net/rsrc.php/v3/yw/r/zk2zUKpjzBl.js?_nc_x=Ij3Wp8lg5Kz (150)
[0815/133819.268:INFO:CONSOLE(150)] "Event handler of 'x-storagemutated-1' event must be added on the initial evaluation of worker script.", source: https://static.whatsapp.net/rsrc.php/v3/yw/r/zk2zUKpjzBl.js?_nc_x=Ij3Wp8lg5Kz (150)
[0815/134120.868:INFO:CONSOLE(150)] "Event handler of 'x-storagemutated-1' event must be added on the initial evaluation of worker script.", source: https://static.whatsapp.net/rsrc.php/v3/yw/r/zk2zUKpjzBl.js?_nc_x=Ij3Wp8lg5Kz (150)
[0815/134207.969:INFO:CONSOLE(150)] "Event handler of 'x-storagemutated-1' event must be added on the initial evaluation of worker script.", source: https://static.whatsapp.net/rsrc.php/v3/yw/r/zk2zUKpjzBl.js?_nc_x=Ij3Wp8lg5Kz (150)
[0815/134425.661:INFO:CONSOLE(150)] "Event handler of 'x-storagemutated-1' event must be added on the initial evaluation of worker script.", source: https://static.whatsapp.net/rsrc.php/v3/yw/r/zk2zUKpjzBl.js?_nc_x=Ij3Wp8lg5Kz (150)
[0815/134506.827:INFO:CONSOLE(150)] "Event handler of 'x-storagemutated-1' event must be added on the initial evaluation of worker script.", source: https://static.whatsapp.net/rsrc.php/v3/yw/r/zk2zUKpjzBl.js?_nc_x=Ij3Wp8lg5Kz (150)
[0815/134713.819:INFO:CONSOLE(150)] "Event handler of 'x-storagemutated-1' event must be added on the initial evaluation of worker script.", source: https://static.whatsapp.net/rsrc.php/v3/yw/r/zk2zUKpjzBl.js?_nc_x=Ij3Wp8lg5Kz (150)
[0815/134907.381:INFO:CONSOLE(150)] "Event handler of 'x-storagemutated-1' event must be added on the initial evaluation of worker script.", source: https://static.whatsapp.net/rsrc.php/v3/yw/r/zk2zUKpjzBl.js?_nc_x=Ij3Wp8lg5Kz (150)
[0815/134944.078:INFO:CONSOLE(150)] "Event handler of 'x-storagemutated-1' event must be added on the initial evaluation of worker script.", source: https://static.whatsapp.net/rsrc.php/v3/yw/r/zk2zUKpjzBl.js?_nc_x=Ij3Wp8lg5Kz (150)
[0815/135112.850:INFO:CONSOLE(150)] "Event handler of 'x-storagemutated-1' event must be added on the initial evaluation of worker script.", source: https://static.whatsapp.net/rsrc.php/v3/yw/r/zk2zUKpjzBl.js?_nc_x=Ij3Wp8lg5Kz (150)
[0815/135315.428:INFO:CONSOLE(150)] "Event handler of 'x-storagemutated-1' event must be added on the initial evaluation of worker script.", source: https://static.whatsapp.net/rsrc.php/v3/yw/r/zk2zUKpjzBl.js?_nc_x=Ij3Wp8lg5Kz (150)
[0815/135358.363:INFO:CONSOLE(150)] "Event handler of 'x-storagemutated-1' event must be added on the initial evaluation of worker script.", source: https://static.whatsapp.net/rsrc.php/v3/yw/r/zk2zUKpjzBl.js?_nc_x=Ij3Wp8lg5Kz (150)
[0815/135440.444:INFO:CONSOLE(150)] "Event handler of 'x-storagemutated-1' event must be added on the initial evaluation of worker script.", source: https://static.whatsapp.net/rsrc.php/v3/yw/r/zk2zUKpjzBl.js?_nc_x=Ij3Wp8lg5Kz (150)
[0815/140812.517:INFO:CONSOLE(150)] "Event handler of 'x-storagemutated-1' event must be added on the initial evaluation of worker script.", source: https://static.whatsapp.net/rsrc.php/v3/yw/r/zk2zUKpjzBl.js?_nc_x=Ij3Wp8lg5Kz (150)
[0815/141120.889:INFO:CONSOLE(150)] "Event handler of 'x-storagemutated-1' event must be added on the initial evaluation of worker script.", source: https://static.whatsapp.net/rsrc.php/v3/yw/r/zk2zUKpjzBl.js?_nc_x=Ij3Wp8lg5Kz (150)
[0815/141209.027:INFO:CONSOLE(150)] "Event handler of 'x-storagemutated-1' event must be added on the initial evaluation of worker script.", source: https://static.whatsapp.net/rsrc.php/v3/yw/r/zk2zUKpjzBl.js?_nc_x=Ij3Wp8lg5Kz (150)
[0815/141334.758:INFO:CONSOLE(150)] "Event handler of 'x-storagemutated-1' event must be added on the initial evaluation of worker script.", source: https://static.whatsapp.net/rsrc.php/v3/yw/r/zk2zUKpjzBl.js?_nc_x=Ij3Wp8lg5Kz (150)
[0815/142258.609:INFO:CONSOLE(150)] "Event handler of 'x-storagemutated-1' event must be added on the initial evaluation of worker script.", source: https://static.whatsapp.net/rsrc.php/v3/yw/r/zk2zUKpjzBl.js?_nc_x=Ij3Wp8lg5Kz (150)
[0815/142825.912:INFO:CONSOLE(150)] "Event handler of 'x-storagemutated-1' event must be added on the initial evaluation of worker script.", source: https://static.whatsapp.net/rsrc.php/v3/yw/r/zk2zUKpjzBl.js?_nc_x=Ij3Wp8lg5Kz (150)
[0815/142857.055:INFO:CONSOLE(150)] "Event handler of 'x-storagemutated-1' event must be added on the initial evaluation of worker script.", source: https://static.whatsapp.net/rsrc.php/v3/yw/r/zk2zUKpjzBl.js?_nc_x=Ij3Wp8lg5Kz (150)
[0815/142937.658:INFO:CONSOLE(150)] "Event handler of 'x-storagemutated-1' event must be added on the initial evaluation of worker script.", source: https://static.whatsapp.net/rsrc.php/v3/yw/r/zk2zUKpjzBl.js?_nc_x=Ij3Wp8lg5Kz (150)
[0815/143349.043:INFO:CONSOLE(150)] "Event handler of 'x-storagemutated-1' event must be added on the initial evaluation of worker script.", source: https://static.whatsapp.net/rsrc.php/v3/yw/r/zk2zUKpjzBl.js?_nc_x=Ij3Wp8lg5Kz (150)
[0815/143438.115:INFO:CONSOLE(150)] "Event handler of 'x-storagemutated-1' event must be added on the initial evaluation of worker script.", source: https://static.whatsapp.net/rsrc.php/v3/yw/r/zk2zUKpjzBl.js?_nc_x=Ij3Wp8lg5Kz (150)
[0815/145500.196:INFO:CONSOLE(150)] "Event handler of 'x-storagemutated-1' event must be added on the initial evaluation of worker script.", source: https://static.whatsapp.net/rsrc.php/v3/yw/r/zk2zUKpjzBl.js?_nc_x=Ij3Wp8lg5Kz (150)
[0815/145713.542:INFO:CONSOLE(150)] "Event handler of 'x-storagemutated-1' event must be added on the initial evaluation of worker script.", source: https://static.whatsapp.net/rsrc.php/v3/yw/r/zk2zUKpjzBl.js?_nc_x=Ij3Wp8lg5Kz (150)
[0815/145922.184:INFO:CONSOLE(150)] "Event handler of 'x-storagemutated-1' event must be added on the initial evaluation of worker script.", source: https://static.whatsapp.net/rsrc.php/v3/yw/r/zk2zUKpjzBl.js?_nc_x=Ij3Wp8lg5Kz (150)
[0815/150432.916:INFO:CONSOLE(150)] "Event handler of 'x-storagemutated-1' event must be added on the initial evaluation of worker script.", source: https://static.whatsapp.net/rsrc.php/v3/yw/r/zk2zUKpjzBl.js?_nc_x=Ij3Wp8lg5Kz (150)
[0815/151025.244:INFO:CONSOLE(150)] "Event handler of 'x-storagemutated-1' event must be added on the initial evaluation of worker script.", source: https://static.whatsapp.net/rsrc.php/v3/yw/r/zk2zUKpjzBl.js?_nc_x=Ij3Wp8lg5Kz (150)
[0815/153508.664:INFO:CONSOLE(150)] "Event handler of 'x-storagemutated-1' event must be added on the initial evaluation of worker script.", source: https://static.whatsapp.net/rsrc.php/v3/yw/r/zk2zUKpjzBl.js?_nc_x=Ij3Wp8lg5Kz (150)
